<?xml version="1.0" encoding="UTF-8"?>
<!-- Generated by org.testng.reporters.JUnitReportReporter -->
<testsuite hostname="LAPTOP-03ON2GPR" failures="0" tests="2" name="testscript.LogoutTest" time="30.946" errors="0" timestamp="2026-03-19T11:30:58 IST" skipped="0">
  <testcase classname="testscript.LogoutTest" name="verifyTheUserIsAbleToLogout" time="11.234"/>
  <testcase classname="testscript.LogoutTest" name="verifyTheUserIsAbleToLogout" time="19.712"/>
</testsuite> <!-- testscript.LogoutTest -->
