<?xml version="1.0" encoding="UTF-8"?>
<!-- Generated by org.testng.reporters.JUnitReportReporter -->
<testsuite hostname="LAPTOP-03ON2GPR" failures="0" tests="5" name="testscript.AdminUsersTest" time="74.029" errors="0" timestamp="2026-03-19T11:33:56 IST" skipped="3">
  <testcase classname="testscript.AdminUsersTest" name="verifyTheUserIsAbleToGetAdminUserInformation" time="11.247"/>
  <testcase classname="testscript.AdminUsersTest" name="verifyTheUserIsAbleToGetAdminUserInformation" time="21.006">
    <skipped/>
  </testcase> <!-- verifyTheUserIsAbleToGetAdminUserInformation -->
  <testcase classname="testscript.AdminUsersTest" name="verifyTheUserIsAbleToGetAdminUserInformation" time="14.001"/>
  <testcase classname="testscript.AdminUsersTest" name="verifyTheUserIsAbleToGetAdminUserInformation" time="18.901">
    <skipped/>
  </testcase> <!-- verifyTheUserIsAbleToGetAdminUserInformation -->
  <testcase classname="testscript.AdminUsersTest" name="verifyTheUserIsAbleToGetAdminUserInformation" time="8.874">
    <skipped/>
  </testcase> <!-- verifyTheUserIsAbleToGetAdminUserInformation -->
</testsuite> <!-- testscript.AdminUsersTest -->
