<?xml version="1.0" encoding="UTF-8"?>
<testng-results ignored="0" total="1" passed="1" failed="0" skipped="0">
  <reporter-output>
  </reporter-output>
  <suite started-at="2026-03-13T11:49:27 IST" name="Default suite" finished-at="2026-03-13T11:49:43 IST" duration-ms="15837">
    <groups>
    </groups>
    <test started-at="2026-03-13T11:49:27 IST" name="Default test" finished-at="2026-03-13T11:49:43 IST" duration-ms="15837">
      <class name="testscript.AdminUsersTest">
        <test-method is-config="true" signature="browserInitialization()[pri:0, instance:testscript.AdminUsersTest@2a4fb17b]" started-at="2026-03-13T11:49:27 IST" name="browserInitialization" finished-at="2026-03-13T11:49:33 IST" duration-ms="6171" status="PASS">
          <reporter-output>
          </reporter-output>
        </test-method> <!-- browserInitialization -->
        <test-method signature="verifyTheUserIsAbleToGetAdminUserInformation()[pri:0, instance:testscript.AdminUsersTest@2a4fb17b]" started-at="2026-03-13T11:49:33 IST" name="verifyTheUserIsAbleToGetAdminUserInformation" finished-at="2026-03-13T11:49:43 IST" duration-ms="9589" status="PASS">
          <reporter-output>
          </reporter-output>
        </test-method> <!-- verifyTheUserIsAbleToGetAdminUserInformation -->
      </class> <!-- testscript.AdminUsersTest -->
    </test> <!-- Default test -->
  </suite> <!-- Default suite -->
</testng-results>
