<?xml version="1.0" encoding="UTF-8"?>
<!-- Generated by org.testng.reporters.JUnitXMLReporter -->
<testsuite ignored="0" hostname="LAPTOP-03ON2GPR" failures="0" tests="4" name="FirefoxTest" time="51.188" errors="0" timestamp="2026-03-19T11:33:56 IST">
  <testcase classname="testscript.ManageCategoryTest" name="verifyTheUserIsAbleToUploadFile" time="5.18"/>
  <testcase classname="testscript.AdminUsersTest" name="verifyTheUserIsAbleToGetAdminUserInformation" time="12.76">
    <skipped/>
  </testcase> <!-- verifyTheUserIsAbleToGetAdminUserInformation -->
  <testcase classname="testscript.AdminUsersTest" name="verifyTheUserIsAbleToGetAdminUserInformation" time="9.867">
    <skipped/>
  </testcase> <!-- verifyTheUserIsAbleToGetAdminUserInformation -->
  <testcase classname="testscript.AdminUsersTest" name="verifyTheUserIsAbleToGetAdminUserInformation" time="4.953"/>
</testsuite> <!-- FirefoxTest -->
